app/build/intermediates/manifest_merge_blame_file/debug/manifest-merger-blame-debug-report.txt
1<?xml version="1.0" encoding="utf-8"?>
2<manifest xmlns:android="http://schemas.android.com/apk/res/android"
3    package="com.loseweight.forwomen1"
4    android:versionCode="3"
5    android:versionName="1.4" >
6
7    <uses-sdk
8        android:minSdkVersion="21"
8-->src\main\AndroidManifest.xml
9        android:targetSdkVersion="31" />
9-->src\main\AndroidManifest.xml
10
11    <uses-permission android:name="android.permission.INTERNET" />
11-->src\main\AndroidManifest.xml:6:5-67
11-->src\main\AndroidManifest.xml:6:22-64
12    <uses-permission android:name="android.permission.ACCESS_NETWORK_STATE" />
12-->src\main\AndroidManifest.xml:7:5-79
12-->src\main\AndroidManifest.xml:7:22-76
13    <uses-permission android:name="com.android.vending.BILLING" />
13-->src\main\AndroidManifest.xml:8:5-67
13-->src\main\AndroidManifest.xml:8:22-64
14
15    <queries>
15-->src\main\AndroidManifest.xml:10:5-14:15
16        <intent>
16-->src\main\AndroidManifest.xml:11:9-13:18
17            <action android:name="com.google.android.youtube.api.service.START" />
17-->src\main\AndroidManifest.xml:12:13-83
17-->src\main\AndroidManifest.xml:12:21-80
18        </intent>
19        <!-- For browser content -->
20        <intent>
20-->[com.google.android.gms:play-services-ads-lite:20.3.0] AndroidManifest.xml:30:9-36:18
21            <action android:name="android.intent.action.VIEW" />
21-->[com.google.android.gms:play-services-ads-lite:20.3.0] AndroidManifest.xml:31:13-65
21-->[com.google.android.gms:play-services-ads-lite:20.3.0] AndroidManifest.xml:31:21-62
22
23            <category android:name="android.intent.category.BROWSABLE" />
23-->[com.google.android.gms:play-services-ads-lite:20.3.0] AndroidManifest.xml:33:13-74
23-->[com.google.android.gms:play-services-ads-lite:20.3.0] AndroidManifest.xml:33:23-71
24
25            <data android:scheme="https" />
25-->[com.google.android.gms:play-services-ads-lite:20.3.0] AndroidManifest.xml:35:13-44
25-->[com.google.android.gms:play-services-ads-lite:20.3.0] AndroidManifest.xml:35:19-41
26        </intent> <!-- End of browser content -->
27        <!-- For CustomTabsService -->
28        <intent>
28-->[com.google.android.gms:play-services-ads-lite:20.3.0] AndroidManifest.xml:39:9-41:18
29            <action android:name="android.support.customtabs.action.CustomTabsService" />
29-->[com.google.android.gms:play-services-ads-lite:20.3.0] AndroidManifest.xml:40:13-90
29-->[com.google.android.gms:play-services-ads-lite:20.3.0] AndroidManifest.xml:40:21-87
30        </intent>
31    </queries>
32
33    <uses-permission android:name="android.permission.WAKE_LOCK" />
33-->[androidx.work:work-runtime:2.1.0] AndroidManifest.xml:25:5-68
33-->[androidx.work:work-runtime:2.1.0] AndroidManifest.xml:25:22-65
34    <uses-permission android:name="android.permission.RECEIVE_BOOT_COMPLETED" /> <!-- Required by older versions of Google Play services to create IID tokens -->
34-->[androidx.work:work-runtime:2.1.0] AndroidManifest.xml:27:5-81
34-->[androidx.work:work-runtime:2.1.0] AndroidManifest.xml:27:22-78
35    <uses-permission android:name="com.google.android.c2dm.permission.RECEIVE" />
35-->[com.google.firebase:firebase-iid:20.0.2] AndroidManifest.xml:26:5-82
35-->[com.google.firebase:firebase-iid:20.0.2] AndroidManifest.xml:26:22-79
36    <uses-permission android:name="com.google.android.finsky.permission.BIND_GET_INSTALL_REFERRER_SERVICE" />
36-->[com.google.android.gms:play-services-measurement:18.0.2] AndroidManifest.xml:26:5-110
36-->[com.google.android.gms:play-services-measurement:18.0.2] AndroidManifest.xml:26:22-107
37
38    <application
38-->src\main\AndroidManifest.xml:17:5-347:19
39        android:name="com.loseweight.MyApplication"
39-->src\main\AndroidManifest.xml:18:9-52
40        android:allowBackup="false"
40-->src\main\AndroidManifest.xml:19:9-36
41        android:appComponentFactory="android.support.v4.app.CoreComponentFactory"
41-->src\main\AndroidManifest.xml:21:9-82
42        android:debuggable="true"
43        android:fullBackupContent="false"
43-->src\main\AndroidManifest.xml:20:9-42
44        android:icon="@mipmap/ic_launcher"
44-->src\main\AndroidManifest.xml:22:9-43
45        android:label="@string/app_name"
45-->src\main\AndroidManifest.xml:23:9-41
46        android:networkSecurityConfig="@xml/network_security_config"
46-->src\main\AndroidManifest.xml:24:9-69
47        android:requestLegacyExternalStorage="true"
47-->src\main\AndroidManifest.xml:29:9-52
48        android:roundIcon="@mipmap/ic_launcher_round"
48-->src\main\AndroidManifest.xml:25:9-54
49        android:supportsRtl="false"
49-->src\main\AndroidManifest.xml:26:9-36
50        android:testOnly="true"
51        android:theme="@style/AppThemeNoActionbar" >
51-->src\main\AndroidManifest.xml:27:9-51
52        <receiver
52-->src\main\AndroidManifest.xml:32:9-38:20
53            android:name="com.loseweight.MyApplication$InternetConnectionReceiver"
53-->src\main\AndroidManifest.xml:34:13-83
54            android:exported="true" >
54-->src\main\AndroidManifest.xml:33:13-36
55            <intent-filter>
55-->src\main\AndroidManifest.xml:35:13-37:29
56                <action android:name="android.net.conn.CONNECTIVITY_CHANGE" />
56-->src\main\AndroidManifest.xml:36:17-79
56-->src\main\AndroidManifest.xml:36:25-76
57            </intent-filter>
58        </receiver>
59        <receiver android:name="com.loseweight.utils.watertracker.WaterTrackerBroadcastReceiver" />
59-->src\main\AndroidManifest.xml:40:9-86
59-->src\main\AndroidManifest.xml:40:19-83
60        <receiver android:name="com.loseweight.utils.watertracker.WaterTrackerStopBroadcastReceiver" />
60-->src\main\AndroidManifest.xml:41:9-90
60-->src\main\AndroidManifest.xml:41:19-87
61
62        <service
62-->src\main\AndroidManifest.xml:43:9-50:19
63            android:name="com.loseweight.fcm.MyFirebaseMessagingService"
63-->src\main\AndroidManifest.xml:44:13-59
64            android:exported="false" >
64-->src\main\AndroidManifest.xml:45:13-37
65            <intent-filter>
65-->src\main\AndroidManifest.xml:46:13-49:29
66                <action android:name="com.google.firebase.MESSAGING_EVENT" />
66-->src\main\AndroidManifest.xml:47:17-78
66-->src\main\AndroidManifest.xml:47:25-75
67                <action android:name="com.google.android.c2dm.intent.RECEIVE" />
67-->src\main\AndroidManifest.xml:48:17-81
67-->src\main\AndroidManifest.xml:48:25-78
68            </intent-filter>
69        </service>
70        <service
70-->src\main\AndroidManifest.xml:52:9-56:19
71            android:name="com.google.firebase.components.ComponentDiscoveryService"
71-->src\main\AndroidManifest.xml:52:18-89
72            android:directBootAware="true"
72-->[com.google.firebase:firebase-common:19.3.0] AndroidManifest.xml:34:13-43
73            android:exported="false" >
73-->[com.google.firebase:firebase-messaging:20.1.0] AndroidManifest.xml:37:13-37
74            <meta-data
74-->src\main\AndroidManifest.xml:53:13-55:85
75                android:name="com.google.firebase.components:com.google.firebase.iid.Registrar"
75-->src\main\AndroidManifest.xml:54:17-96
76                android:value="com.google.firebase.components.ComponentRegistrar" />
76-->src\main\AndroidManifest.xml:55:17-82
77            <meta-data
77-->[com.google.firebase:firebase-messaging:20.1.0] AndroidManifest.xml:38:13-40:85
78                android:name="com.google.firebase.components:com.google.firebase.messaging.FirebaseMessagingRegistrar"
78-->[com.google.firebase:firebase-messaging:20.1.0] AndroidManifest.xml:39:17-119
79                android:value="com.google.firebase.components.ComponentRegistrar" />
79-->[com.google.firebase:firebase-messaging:20.1.0] AndroidManifest.xml:40:17-82
80            <meta-data
80-->[com.google.android.gms:play-services-measurement-api:18.0.2] AndroidManifest.xml:30:13-32:85
81                android:name="com.google.firebase.components:com.google.firebase.analytics.connector.internal.AnalyticsConnectorRegistrar"
81-->[com.google.android.gms:play-services-measurement-api:18.0.2] AndroidManifest.xml:31:17-139
82                android:value="com.google.firebase.components.ComponentRegistrar" />
82-->[com.google.android.gms:play-services-measurement-api:18.0.2] AndroidManifest.xml:32:17-82
83            <meta-data
83-->[com.google.firebase:firebase-datatransport:17.0.3] AndroidManifest.xml:28:13-30:85
84                android:name="com.google.firebase.components:com.google.firebase.datatransport.TransportRegistrar"
84-->[com.google.firebase:firebase-datatransport:17.0.3] AndroidManifest.xml:29:17-115
85                android:value="com.google.firebase.components.ComponentRegistrar" />
85-->[com.google.firebase:firebase-datatransport:17.0.3] AndroidManifest.xml:30:17-82
86            <meta-data
86-->[com.google.firebase:firebase-installations:16.3.2] AndroidManifest.xml:17:13-19:85
87                android:name="com.google.firebase.components:com.google.firebase.installations.FirebaseInstallationsRegistrar"
87-->[com.google.firebase:firebase-installations:16.3.2] AndroidManifest.xml:18:17-127
88                android:value="com.google.firebase.components.ComponentRegistrar" />
88-->[com.google.firebase:firebase-installations:16.3.2] AndroidManifest.xml:19:17-82
89        </service>
90
91        <receiver
91-->src\main\AndroidManifest.xml:58:9-61:47
92            android:name="com.loseweight.utils.reminder.AlarmReceiver"
92-->src\main\AndroidManifest.xml:58:19-63
93            android:enabled="true"
93-->src\main\AndroidManifest.xml:59:13-35
94            android:exported="true" />
94-->src\main\AndroidManifest.xml:60:13-36
95        <receiver
95-->src\main\AndroidManifest.xml:63:9-69:20
96            android:name="com.loseweight.utils.reminder.BootReceiver"
96-->src\main\AndroidManifest.xml:65:13-56
97            android:exported="true" >
97-->src\main\AndroidManifest.xml:64:13-36
98            <intent-filter>
98-->src\main\AndroidManifest.xml:66:13-68:29
99                <action android:name="android.intent.action.BOOT_COMPLETED" />
99-->src\main\AndroidManifest.xml:67:17-78
99-->src\main\AndroidManifest.xml:67:25-76
100            </intent-filter>
101        </receiver>
102
103        <provider
104            android:name="androidx.core.content.FileProvider"
104-->src\main\AndroidManifest.xml:72:13-62
105            android:authorities="com.loseweight.forwomen1.provider"
105-->src\main\AndroidManifest.xml:73:13-60
106            android:exported="false"
106-->src\main\AndroidManifest.xml:74:13-37
107            android:grantUriPermissions="true" >
107-->src\main\AndroidManifest.xml:75:13-47
108            <meta-data
108-->src\main\AndroidManifest.xml:76:13-78:58
109                android:name="android.support.FILE_PROVIDER_PATHS"
109-->src\main\AndroidManifest.xml:77:17-67
110                android:resource="@xml/provider_paths" />
110-->src\main\AndroidManifest.xml:78:17-55
111        </provider>
112
113        <meta-data
113-->src\main\AndroidManifest.xml:82:9-84:51
114            android:name="com.google.android.gms.ads.APPLICATION_ID"
114-->src\main\AndroidManifest.xml:83:13-69
115            android:value="@string/admob_app_id" />
115-->src\main\AndroidManifest.xml:84:13-49
116
117        <activity
117-->src\main\AndroidManifest.xml:86:9-102:20
118            android:name="com.loseweight.SplashScreenActivity"
118-->src\main\AndroidManifest.xml:87:13-63
119            android:configChanges="keyboard|keyboardHidden|navigation|orientation|screenLayout|uiMode|screenSize"
119-->src\main\AndroidManifest.xml:88:13-114
120            android:exported="true"
120-->src\main\AndroidManifest.xml:89:13-36
121            android:label="@string/app_name"
121-->src\main\AndroidManifest.xml:90:13-45
122            android:launchMode="singleInstance"
122-->src\main\AndroidManifest.xml:91:13-48
123            android:screenOrientation="portrait"
123-->src\main\AndroidManifest.xml:92:13-49
124            android:theme="@style/AppThemeSplash"
124-->src\main\AndroidManifest.xml:93:13-50
125            android:windowSoftInputMode="stateHidden|stateAlwaysHidden|adjustPan" >
125-->src\main\AndroidManifest.xml:94:13-82
126            <intent-filter>
126-->src\main\AndroidManifest.xml:96:13-100:29
127                <action android:name="android.intent.action.MAIN" />
127-->src\main\AndroidManifest.xml:97:17-69
127-->src\main\AndroidManifest.xml:97:25-66
128
129                <category android:name="android.intent.category.LAUNCHER" />
129-->src\main\AndroidManifest.xml:99:17-77
129-->src\main\AndroidManifest.xml:99:27-74
130            </intent-filter>
131        </activity>
132        <activity
132-->src\main\AndroidManifest.xml:104:9-112:20
133            android:name="com.loseweight.CustomGalleryActivity"
133-->src\main\AndroidManifest.xml:105:13-64
134            android:configChanges="keyboard|keyboardHidden|navigation|orientation|screenLayout|uiMode|screenSize"
134-->src\main\AndroidManifest.xml:106:13-114
135            android:exported="true"
135-->src\main\AndroidManifest.xml:107:13-36
136            android:label="@string/app_name"
136-->src\main\AndroidManifest.xml:108:13-45
137            android:screenOrientation="portrait"
137-->src\main\AndroidManifest.xml:109:13-49
138            android:windowSoftInputMode="stateHidden|stateAlwaysHidden|adjustNothing" >
138-->src\main\AndroidManifest.xml:110:13-86
139        </activity>
140        <activity
140-->src\main\AndroidManifest.xml:114:9-120:89
141            android:name="com.loseweight.HomeActivity"
141-->src\main\AndroidManifest.xml:115:13-55
142            android:configChanges="keyboard|keyboardHidden|navigation|orientation|screenLayout|uiMode|screenSize"
142-->src\main\AndroidManifest.xml:116:13-114
143            android:exported="true"
143-->src\main\AndroidManifest.xml:117:13-36
144            android:label="@string/app_name"
144-->src\main\AndroidManifest.xml:118:13-45
145            android:screenOrientation="portrait"
145-->src\main\AndroidManifest.xml:119:13-49
146            android:windowSoftInputMode="stateHidden|stateAlwaysHidden|adjustNothing" />
146-->src\main\AndroidManifest.xml:120:13-86
147        <activity
147-->src\main\AndroidManifest.xml:122:9-128:89
148            android:name="com.loseweight.ChooseYourPlanActivity"
148-->src\main\AndroidManifest.xml:123:13-65
149            android:configChanges="keyboard|keyboardHidden|navigation|orientation|screenLayout|uiMode|screenSize"
149-->src\main\AndroidManifest.xml:124:13-114
150            android:exported="true"
150-->src\main\AndroidManifest.xml:125:13-36
151            android:label="@string/app_name"
151-->src\main\AndroidManifest.xml:126:13-45
152            android:screenOrientation="portrait"
152-->src\main\AndroidManifest.xml:127:13-49
153            android:windowSoftInputMode="stateHidden|stateAlwaysHidden|adjustNothing" />
153-->src\main\AndroidManifest.xml:128:13-86
154        <activity
154-->src\main\AndroidManifest.xml:130:9-136:89
155            android:name="com.loseweight.ChooseWeightActivity"
155-->src\main\AndroidManifest.xml:131:13-63
156            android:configChanges="keyboard|keyboardHidden|navigation|orientation|screenLayout|uiMode|screenSize"
156-->src\main\AndroidManifest.xml:132:13-114
157            android:exported="true"
157-->src\main\AndroidManifest.xml:133:13-36
158            android:label="@string/app_name"
158-->src\main\AndroidManifest.xml:134:13-45
159            android:screenOrientation="portrait"
159-->src\main\AndroidManifest.xml:135:13-49
160            android:windowSoftInputMode="stateHidden|stateAlwaysHidden|adjustNothing" />
160-->src\main\AndroidManifest.xml:136:13-86
161        <activity
161-->src\main\AndroidManifest.xml:138:9-144:89
162            android:name="com.loseweight.ChooseTargetWeightActivity"
162-->src\main\AndroidManifest.xml:139:13-69
163            android:configChanges="keyboard|keyboardHidden|navigation|orientation|screenLayout|uiMode|screenSize"
163-->src\main\AndroidManifest.xml:140:13-114
164            android:exported="true"
164-->src\main\AndroidManifest.xml:141:13-36
165            android:label="@string/app_name"
165-->src\main\AndroidManifest.xml:142:13-45
166            android:screenOrientation="portrait"
166-->src\main\AndroidManifest.xml:143:13-49
167            android:windowSoftInputMode="stateHidden|stateAlwaysHidden|adjustNothing" />
167-->src\main\AndroidManifest.xml:144:13-86
168        <activity
168-->src\main\AndroidManifest.xml:146:9-152:89
169            android:name="com.loseweight.ChooseHeightActivity"
169-->src\main\AndroidManifest.xml:147:13-63
170            android:configChanges="keyboard|keyboardHidden|navigation|orientation|screenLayout|uiMode|screenSize"
170-->src\main\AndroidManifest.xml:148:13-114
171            android:exported="true"
171-->src\main\AndroidManifest.xml:149:13-36
172            android:label="@string/app_name"
172-->src\main\AndroidManifest.xml:150:13-45
173            android:screenOrientation="portrait"
173-->src\main\AndroidManifest.xml:151:13-49
174            android:windowSoftInputMode="stateHidden|stateAlwaysHidden|adjustNothing" />
174-->src\main\AndroidManifest.xml:152:13-86
175        <activity
175-->src\main\AndroidManifest.xml:154:9-160:89
176            android:name="com.loseweight.BMIActivity"
176-->src\main\AndroidManifest.xml:155:13-54
177            android:configChanges="keyboard|keyboardHidden|navigation|orientation|screenLayout|uiMode|screenSize"
177-->src\main\AndroidManifest.xml:156:13-114
178            android:exported="true"
178-->src\main\AndroidManifest.xml:157:13-36
179            android:label="@string/app_name"
179-->src\main\AndroidManifest.xml:158:13-45
180            android:screenOrientation="portrait"
180-->src\main\AndroidManifest.xml:159:13-49
181            android:windowSoftInputMode="stateHidden|stateAlwaysHidden|adjustNothing" />
181-->src\main\AndroidManifest.xml:160:13-86
182        <activity
182-->src\main\AndroidManifest.xml:162:9-168:89
183            android:name="com.loseweight.YourPlanActivity"
183-->src\main\AndroidManifest.xml:163:13-59
184            android:configChanges="keyboard|keyboardHidden|navigation|orientation|screenLayout|uiMode|screenSize"
184-->src\main\AndroidManifest.xml:164:13-114
185            android:exported="true"
185-->src\main\AndroidManifest.xml:165:13-36
186            android:label="@string/app_name"
186-->src\main\AndroidManifest.xml:166:13-45
187            android:screenOrientation="portrait"
187-->src\main\AndroidManifest.xml:167:13-49
188            android:windowSoftInputMode="stateHidden|stateAlwaysHidden|adjustNothing" />
188-->src\main\AndroidManifest.xml:168:13-86
189        <activity
189-->src\main\AndroidManifest.xml:170:9-176:89
190            android:name="com.loseweight.WhatsYourGoalActivity"
190-->src\main\AndroidManifest.xml:171:13-64
191            android:configChanges="keyboard|keyboardHidden|navigation|orientation|screenLayout|uiMode|screenSize"
191-->src\main\AndroidManifest.xml:172:13-114
192            android:exported="true"
192-->src\main\AndroidManifest.xml:173:13-36
193            android:label="@string/app_name"
193-->src\main\AndroidManifest.xml:174:13-45
194            android:screenOrientation="portrait"
194-->src\main\AndroidManifest.xml:175:13-49
195            android:windowSoftInputMode="stateHidden|stateAlwaysHidden|adjustNothing" />
195-->src\main\AndroidManifest.xml:176:13-86
196        <activity
196-->src\main\AndroidManifest.xml:178:9-184:89
197            android:name="com.loseweight.TurnOnWaterActivity"
197-->src\main\AndroidManifest.xml:179:13-62
198            android:configChanges="keyboard|keyboardHidden|navigation|orientation|screenLayout|uiMode|screenSize"
198-->src\main\AndroidManifest.xml:180:13-114
199            android:exported="true"
199-->src\main\AndroidManifest.xml:181:13-36
200            android:label="@string/app_name"
200-->src\main\AndroidManifest.xml:182:13-45
201            android:screenOrientation="portrait"
201-->src\main\AndroidManifest.xml:183:13-49
202            android:windowSoftInputMode="stateHidden|stateAlwaysHidden|adjustNothing" />
202-->src\main\AndroidManifest.xml:184:13-86
203        <activity
203-->src\main\AndroidManifest.xml:186:9-192:89
204            android:name="com.loseweight.WellDoneActivity"
204-->src\main\AndroidManifest.xml:187:13-59
205            android:configChanges="keyboard|keyboardHidden|navigation|orientation|screenLayout|uiMode|screenSize"
205-->src\main\AndroidManifest.xml:188:13-114
206            android:exported="true"
206-->src\main\AndroidManifest.xml:189:13-36
207            android:label="@string/app_name"
207-->src\main\AndroidManifest.xml:190:13-45
208            android:screenOrientation="portrait"
208-->src\main\AndroidManifest.xml:191:13-49
209            android:windowSoftInputMode="stateHidden|stateAlwaysHidden|adjustNothing" />
209-->src\main\AndroidManifest.xml:192:13-86
210        <activity
210-->src\main\AndroidManifest.xml:194:9-200:89
211            android:name="com.loseweight.WaterTrackerActivity"
211-->src\main\AndroidManifest.xml:195:13-63
212            android:configChanges="keyboard|keyboardHidden|navigation|orientation|screenLayout|uiMode|screenSize"
212-->src\main\AndroidManifest.xml:196:13-114
213            android:exported="true"
213-->src\main\AndroidManifest.xml:197:13-36
214            android:label="@string/app_name"
214-->src\main\AndroidManifest.xml:198:13-45
215            android:screenOrientation="portrait"
215-->src\main\AndroidManifest.xml:199:13-49
216            android:windowSoftInputMode="stateHidden|stateAlwaysHidden|adjustNothing" />
216-->src\main\AndroidManifest.xml:200:13-86
217        <activity
217-->src\main\AndroidManifest.xml:202:9-208:89
218            android:name="com.loseweight.HomeDetailActivity"
218-->src\main\AndroidManifest.xml:203:13-61
219            android:configChanges="keyboard|keyboardHidden|navigation|orientation|screenLayout|uiMode|screenSize"
219-->src\main\AndroidManifest.xml:204:13-114
220            android:exported="true"
220-->src\main\AndroidManifest.xml:205:13-36
221            android:label="@string/app_name"
221-->src\main\AndroidManifest.xml:206:13-45
222            android:screenOrientation="portrait"
222-->src\main\AndroidManifest.xml:207:13-49
223            android:windowSoftInputMode="stateHidden|stateAlwaysHidden|adjustNothing" />
223-->src\main\AndroidManifest.xml:208:13-86
224        <activity
224-->src\main\AndroidManifest.xml:210:9-216:89
225            android:name="com.loseweight.ExercisesListActivity"
225-->src\main\AndroidManifest.xml:211:13-64
226            android:configChanges="keyboard|keyboardHidden|navigation|orientation|screenLayout|uiMode|screenSize"
226-->src\main\AndroidManifest.xml:212:13-114
227            android:exported="true"
227-->src\main\AndroidManifest.xml:213:13-36
228            android:label="@string/app_name"
228-->src\main\AndroidManifest.xml:214:13-45
229            android:screenOrientation="portrait"
229-->src\main\AndroidManifest.xml:215:13-49
230            android:windowSoftInputMode="stateHidden|stateAlwaysHidden|adjustNothing" />
230-->src\main\AndroidManifest.xml:216:13-86
231        <activity
231-->src\main\AndroidManifest.xml:218:9-224:89
232            android:name="com.loseweight.FastWorkoutActivity"
232-->src\main\AndroidManifest.xml:219:13-62
233            android:configChanges="keyboard|keyboardHidden|navigation|orientation|screenLayout|uiMode|screenSize"
233-->src\main\AndroidManifest.xml:220:13-114
234            android:exported="true"
234-->src\main\AndroidManifest.xml:221:13-36
235            android:label="@string/app_name"
235-->src\main\AndroidManifest.xml:222:13-45
236            android:screenOrientation="portrait"
236-->src\main\AndroidManifest.xml:223:13-49
237            android:windowSoftInputMode="stateHidden|stateAlwaysHidden|adjustNothing" />
237-->src\main\AndroidManifest.xml:224:13-86
238        <activity
238-->src\main\AndroidManifest.xml:227:9-233:89
239            android:name="com.loseweight.FastWorkOutDetailActivity"
239-->src\main\AndroidManifest.xml:228:13-68
240            android:configChanges="keyboard|keyboardHidden|navigation|orientation|screenLayout|uiMode|screenSize"
240-->src\main\AndroidManifest.xml:229:13-114
241            android:exported="true"
241-->src\main\AndroidManifest.xml:230:13-36
242            android:label="@string/app_name"
242-->src\main\AndroidManifest.xml:231:13-45
243            android:screenOrientation="portrait"
243-->src\main\AndroidManifest.xml:232:13-49
244            android:windowSoftInputMode="stateHidden|stateAlwaysHidden|adjustNothing" />
244-->src\main\AndroidManifest.xml:233:13-86
245        <activity
245-->src\main\AndroidManifest.xml:235:9-241:89
246            android:name="com.loseweight.PerformWorkOutActivity"
246-->src\main\AndroidManifest.xml:236:13-65
247            android:configChanges="keyboard|keyboardHidden|navigation|orientation|screenLayout|uiMode|screenSize"
247-->src\main\AndroidManifest.xml:237:13-114
248            android:exported="true"
248-->src\main\AndroidManifest.xml:238:13-36
249            android:label="@string/app_name"
249-->src\main\AndroidManifest.xml:239:13-45
250            android:screenOrientation="portrait"
250-->src\main\AndroidManifest.xml:240:13-49
251            android:windowSoftInputMode="stateHidden|stateAlwaysHidden|adjustNothing" />
251-->src\main\AndroidManifest.xml:241:13-86
252        <activity
252-->src\main\AndroidManifest.xml:243:9-249:89
253            android:name="com.loseweight.RestActivity"
253-->src\main\AndroidManifest.xml:244:13-55
254            android:configChanges="keyboard|keyboardHidden|navigation|orientation|screenLayout|uiMode|screenSize"
254-->src\main\AndroidManifest.xml:245:13-114
255            android:exported="true"
255-->src\main\AndroidManifest.xml:246:13-36
256            android:label="@string/app_name"
256-->src\main\AndroidManifest.xml:247:13-45
257            android:screenOrientation="portrait"
257-->src\main\AndroidManifest.xml:248:13-49
258            android:windowSoftInputMode="stateHidden|stateAlwaysHidden|adjustNothing" />
258-->src\main\AndroidManifest.xml:249:13-86
259        <activity
259-->src\main\AndroidManifest.xml:251:9-257:89
260            android:name="com.loseweight.CompletedActivity"
260-->src\main\AndroidManifest.xml:252:13-60
261            android:configChanges="keyboard|keyboardHidden|navigation|orientation|screenLayout|uiMode|screenSize"
261-->src\main\AndroidManifest.xml:253:13-114
262            android:exported="true"
262-->src\main\AndroidManifest.xml:254:13-36
263            android:label="@string/app_name"
263-->src\main\AndroidManifest.xml:255:13-45
264            android:screenOrientation="portrait"
264-->src\main\AndroidManifest.xml:256:13-49
265            android:windowSoftInputMode="stateHidden|stateAlwaysHidden|adjustNothing" />
265-->src\main\AndroidManifest.xml:257:13-86
266        <activity
266-->src\main\AndroidManifest.xml:259:9-265:89
267            android:name="com.loseweight.HistoryActivity"
267-->src\main\AndroidManifest.xml:260:13-58
268            android:configChanges="keyboard|keyboardHidden|navigation|orientation|screenLayout|uiMode|screenSize"
268-->src\main\AndroidManifest.xml:261:13-114
269            android:exported="true"
269-->src\main\AndroidManifest.xml:262:13-36
270            android:label="@string/app_name"
270-->src\main\AndroidManifest.xml:263:13-45
271            android:screenOrientation="portrait"
271-->src\main\AndroidManifest.xml:264:13-49
272            android:windowSoftInputMode="stateHidden|stateAlwaysHidden|adjustNothing" />
272-->src\main\AndroidManifest.xml:265:13-86
273        <activity
273-->src\main\AndroidManifest.xml:267:9-273:89
274            android:name="com.loseweight.AccessAllFeaturesActivity"
274-->src\main\AndroidManifest.xml:268:13-68
275            android:configChanges="keyboard|keyboardHidden|navigation|orientation|screenLayout|uiMode|screenSize"
275-->src\main\AndroidManifest.xml:269:13-114
276            android:exported="true"
276-->src\main\AndroidManifest.xml:270:13-36
277            android:label="@string/app_name"
277-->src\main\AndroidManifest.xml:271:13-45
278            android:screenOrientation="portrait"
278-->src\main\AndroidManifest.xml:272:13-49
279            android:windowSoftInputMode="stateHidden|stateAlwaysHidden|adjustNothing" />
279-->src\main\AndroidManifest.xml:273:13-86
280        <activity
280-->src\main\AndroidManifest.xml:275:9-281:89
281            android:name="com.loseweight.MyProfileActivity"
281-->src\main\AndroidManifest.xml:276:13-60
282            android:configChanges="keyboard|keyboardHidden|navigation|orientation|screenLayout|uiMode|screenSize"
282-->src\main\AndroidManifest.xml:277:13-114
283            android:exported="true"
283-->src\main\AndroidManifest.xml:278:13-36
284            android:label="@string/app_name"
284-->src\main\AndroidManifest.xml:279:13-45
285            android:screenOrientation="portrait"
285-->src\main\AndroidManifest.xml:280:13-49
286            android:windowSoftInputMode="stateHidden|stateAlwaysHidden|adjustNothing" />
286-->src\main\AndroidManifest.xml:281:13-86
287        <activity
287-->src\main\AndroidManifest.xml:283:9-289:89
288            android:name="com.loseweight.VoiceOptionActivity"
288-->src\main\AndroidManifest.xml:284:13-62
289            android:configChanges="keyboard|keyboardHidden|navigation|orientation|screenLayout|uiMode|screenSize"
289-->src\main\AndroidManifest.xml:285:13-114
290            android:exported="true"
290-->src\main\AndroidManifest.xml:286:13-36
291            android:label="@string/app_name"
291-->src\main\AndroidManifest.xml:287:13-45
292            android:screenOrientation="portrait"
292-->src\main\AndroidManifest.xml:288:13-49
293            android:windowSoftInputMode="stateHidden|stateAlwaysHidden|adjustNothing" />
293-->src\main\AndroidManifest.xml:289:13-86
294        <activity